# Server version 0.04 running on lab2-9.CS.McGill.CA:8123
# Game ID: 91
# Board class: breakthrough.BTBoard
# Timeout: 5000
# Date: Sun Mar 22 16:57:59 EDT 2009
# Player 1: WHITE, 'neural', running on localhost
# Player 2: BLACK, 'fixed', running on localhost
START WHITE neural
START BLACK fixed
WHITE 8 17
BLACK 51 43
WHITE 17 25
BLACK 43 34
WHITE 25 34
BLACK 52 44
WHITE 34 42
BLACK 53 45
WHITE 42 49
BLACK 58 49
WHITE 14 23
BLACK 45 37
WHITE 23 30
BLACK 37 30
WHITE 11 20
BLACK 30 21
WHITE 12 21
BLACK 44 37
WHITE 21 29
BLACK 50 42
WHITE 29 38
BLACK 42 34
WHITE 20 29
BLACK 37 30
WHITE 38 47
BLACK 54 47
WHITE 29 38
BLACK 47 38
WHITE 13 22
BLACK 30 23
WHITE 22 30
BLACK 34 26
WHITE 30 37
BLACK 23 14
WHITE 5 14
BLACK 49 41
WHITE 37 46
BLACK 55 46
WHITE 14 22
BLACK 26 19
WHITE 10 19
BLACK 38 30
WHITE 19 28
BLACK 30 21
WHITE 28 36
BLACK 21 14
WHITE 7 14
BLACK 46 39
WHITE 22 31
BLACK 39 30
WHITE 36 43
BLACK 30 22
WHITE 15 22
BLACK 48 40
WHITE 43 51
BLACK 60 51
WHITE 14 23
BLACK 40 32
WHITE 31 38
BLACK 41 33
WHITE 6 13
BLACK 33 24
WHITE 38 46
BLACK 24 17
WHITE 46 55
BLACK 62 55
WHITE 22 31
BLACK 51 43
WHITE 31 38
BLACK 17 8
WHITE 1 8
BLACK 32 24
WHITE 38 45
BLACK 43 36
WHITE 4 12
BLACK 24 16
WHITE 9 16
BLACK 36 28
WHITE 2 11
BLACK 55 47
WHITE 11 20
BLACK 28 21
WHITE 12 21
BLACK 47 39
WHITE 45 52
BLACK 59 52
WHITE 21 29
BLACK 39 30
WHITE 23 30
BLACK 61 53
WHITE 29 37
BLACK 57 49
WHITE 37 46
BLACK 53 46
WHITE 0 9
BLACK 46 39
WHITE 30 39
BLACK 52 45
WHITE 39 46
BLACK 45 38
WHITE 46 53
BLACK 49 42
WHITE 53 60
GAMEOVER 
WINNER WHITE
# Game ended: Sun Mar 22 16:58:01 EDT 2009
