# Server version 0.04 running on socs-24.CS.McGill.CA:8123
# Game ID: 131
# Board class: breakthrough.BTBoard
# Timeout: 5000
# Date: Sun Mar 22 19:21:50 EDT 2009
# Player 1: WHITE, 'fixed', running on localhost
# Player 2: BLACK, 'neural', running on localhost
START WHITE fixed
START BLACK neural
WHITE 12 20
BLACK 48 40
WHITE 20 28
BLACK 40 32
WHITE 28 36
BLACK 32 24
WHITE 11 20
BLACK 24 16
WHITE 9 16
BLACK 49 40
WHITE 20 28
BLACK 40 32
WHITE 36 44
BLACK 51 44
WHITE 28 37
BLACK 44 37
WHITE 16 24
BLACK 32 25
WHITE 24 33
BLACK 25 16
WHITE 33 41
BLACK 50 41
WHITE 13 21
BLACK 16 9
WHITE 2 9
BLACK 37 28
WHITE 21 28
BLACK 41 32
WHITE 28 37
BLACK 32 24
WHITE 37 44
BLACK 53 44
WHITE 10 19
BLACK 24 16
WHITE 9 16
BLACK 44 35
WHITE 19 27
BLACK 35 26
WHITE 27 35
BLACK 26 17
WHITE 35 43
BLACK 52 43
WHITE 8 17
BLACK 43 34
WHITE 16 25
BLACK 34 25
WHITE 17 24
BLACK 25 16
WHITE 24 32
BLACK 16 8
WHITE 32 40
BLACK 8 1
GAMEOVER 
WINNER BLACK
# Game ended: Sun Mar 22 19:21:51 EDT 2009
