# Server version 0.04 running on lab2-9.CS.McGill.CA:8123
# Game ID: 95
# Board class: breakthrough.BTBoard
# Timeout: 5000
# Date: Sun Mar 22 16:58:56 EDT 2009
# Player 1: WHITE, 'neural', running on localhost
# Player 2: BLACK, 'fixed', running on localhost
START WHITE neural
START BLACK fixed
WHITE 11 19
BLACK 52 44
WHITE 19 26
BLACK 51 43
WHITE 12 20
BLACK 44 36
WHITE 26 35
BLACK 36 29
WHITE 20 29
BLACK 43 34
WHITE 10 19
BLACK 34 25
WHITE 35 44
BLACK 53 44
WHITE 29 38
BLACK 54 46
WHITE 38 47
BLACK 44 36
WHITE 3 10
BLACK 46 37
WHITE 9 16
BLACK 25 16
WHITE 4 11
BLACK 16 9
WHITE 2 9
BLACK 36 27
WHITE 10 18
BLACK 27 18
WHITE 11 18
BLACK 37 29
WHITE 18 26
BLACK 29 21
WHITE 14 21
BLACK 50 43
WHITE 47 54
BLACK 61 54
WHITE 7 14
BLACK 54 46
WHITE 14 23
BLACK 46 38
WHITE 26 35
BLACK 43 34
WHITE 8 17
BLACK 34 26
WHITE 17 26
BLACK 60 53
WHITE 6 14
BLACK 53 45
WHITE 9 18
BLACK 38 30
WHITE 21 30
BLACK 49 40
WHITE 35 43
BLACK 45 38
WHITE 43 51
BLACK 58 51
WHITE 26 33
BLACK 40 33
WHITE 30 37
BLACK 38 30
WHITE 23 30
BLACK 33 25
WHITE 18 25
BLACK 51 43
WHITE 37 45
BLACK 43 35
WHITE 45 53
BLACK 62 53
WHITE 30 38
BLACK 53 44
WHITE 13 20
BLACK 35 27
WHITE 20 27
BLACK 55 46
WHITE 38 47
BLACK 46 38
WHITE 47 54
BLACK 63 54
WHITE 25 32
BLACK 38 29
WHITE 32 41
BLACK 48 41
WHITE 27 35
BLACK 44 35
WHITE 19 28
BLACK 35 27
WHITE 28 36
BLACK 27 18
WHITE 36 44
BLACK 18 10
WHITE 1 10
BLACK 29 21
WHITE 14 21
BLACK 54 46
WHITE 44 52
BLACK 59 52
WHITE 21 28
BLACK 46 38
WHITE 28 36
BLACK 41 33
WHITE 10 17
BLACK 38 29
WHITE 36 43
BLACK 52 43
WHITE 17 24
BLACK 33 24
WHITE 15 23
BLACK 56 48
WHITE 23 31
BLACK 24 16
WHITE 31 39
BLACK 16 8
WHITE 39 47
BLACK 8 1
GAMEOVER 
WINNER BLACK
# Game ended: Sun Mar 22 16:58:58 EDT 2009
