# Server version 0.04 running on lab2-9.CS.McGill.CA:8123
# Game ID: 70
# Board class: breakthrough.BTBoard
# Timeout: 5000
# Date: Sun Mar 22 16:24:51 EDT 2009
# Player 1: WHITE, 'neural', running on localhost
# Player 2: BLACK, 'fixed', running on localhost
START WHITE neural
START BLACK fixed
WHITE 14 23
BLACK 52 43
WHITE 23 31
BLACK 43 35
WHITE 10 17
BLACK 51 43
WHITE 13 22
BLACK 50 42
WHITE 4 13
BLACK 35 26
WHITE 17 26
BLACK 49 40
WHITE 5 14
BLACK 43 35
WHITE 26 35
BLACK 42 35
WHITE 31 38
BLACK 40 32
WHITE 14 21
BLACK 53 45
WHITE 38 45
BLACK 54 45
WHITE 21 30
BLACK 35 27
WHITE 12 21
BLACK 45 36
WHITE 3 12
BLACK 27 20
WHITE 13 20
BLACK 48 40
WHITE 6 14
BLACK 36 28
WHITE 21 28
BLACK 40 33
WHITE 30 37
BLACK 61 53
WHITE 9 17
BLACK 32 24
WHITE 17 24
BLACK 33 24
WHITE 11 19
BLACK 24 17
WHITE 8 17
BLACK 53 45
WHITE 0 8
BLACK 45 38
WHITE 1 9
BLACK 55 46
WHITE 37 46
BLACK 60 52
WHITE 46 54
BLACK 63 54
WHITE 28 36
BLACK 38 30
WHITE 2 11
BLACK 52 44
WHITE 12 21
BLACK 30 21
WHITE 14 21
BLACK 44 35
WHITE 20 28
BLACK 35 28
WHITE 19 28
BLACK 54 46
WHITE 7 14
BLACK 46 38
WHITE 9 18
BLACK 38 30
WHITE 21 30
BLACK 59 50
WHITE 14 23
BLACK 50 41
WHITE 11 20
BLACK 41 33
WHITE 17 25
BLACK 33 24
WHITE 36 45
BLACK 24 17
WHITE 8 17
BLACK 58 50
WHITE 18 27
BLACK 62 54
WHITE 45 54
BLACK 50 42
WHITE 54 62
GAMEOVER 
WINNER WHITE
# Game ended: Sun Mar 22 16:24:53 EDT 2009
