# Server version 0.04 running on lab2-9.CS.McGill.CA:8123
# Game ID: 106
# Board class: breakthrough.BTBoard
# Timeout: 5000
# Date: Sun Mar 22 17:05:56 EDT 2009
# Player 1: WHITE, 'neural', running on localhost
# Player 2: BLACK, 'fixed', running on localhost
START WHITE neural
START BLACK fixed
WHITE 10 18
BLACK 52 44
WHITE 18 25
BLACK 50 41
WHITE 25 33
BLACK 41 32
WHITE 33 41
BLACK 48 41
WHITE 14 23
BLACK 44 37
WHITE 23 31
BLACK 37 30
WHITE 31 39
BLACK 30 22
WHITE 13 22
BLACK 32 24
WHITE 2 10
BLACK 41 34
WHITE 39 47
BLACK 54 47
WHITE 22 31
BLACK 47 38
WHITE 31 38
BLACK 24 16
WHITE 9 16
BLACK 34 26
WHITE 38 46
BLACK 26 19
WHITE 10 19
BLACK 53 46
WHITE 16 24
BLACK 46 38
WHITE 5 14
BLACK 49 40
WHITE 1 9
BLACK 38 30
WHITE 24 33
BLACK 40 33
WHITE 19 27
BLACK 30 22
WHITE 15 22
BLACK 33 26
WHITE 27 34
BLACK 26 18
WHITE 11 18
BLACK 51 43
WHITE 34 43
BLACK 60 52
WHITE 43 52
BLACK 59 52
WHITE 22 30
BLACK 52 45
WHITE 30 38
BLACK 45 38
WHITE 18 26
BLACK 38 30
WHITE 26 34
BLACK 55 46
WHITE 3 11
BLACK 46 37
WHITE 6 15
BLACK 30 21
WHITE 14 21
BLACK 37 29
WHITE 34 42
BLACK 29 20
WHITE 11 20
BLACK 57 49
WHITE 42 49
BLACK 58 49
WHITE 21 29
BLACK 49 41
WHITE 29 37
BLACK 61 54
WHITE 8 17
BLACK 41 32
WHITE 37 46
BLACK 32 24
WHITE 17 24
BLACK 54 47
WHITE 46 55
BLACK 62 55
WHITE 24 32
BLACK 47 39
WHITE 32 40
BLACK 63 54
WHITE 0 8
BLACK 54 45
WHITE 7 14
BLACK 39 30
WHITE 40 48
BLACK 30 22
WHITE 48 57
GAMEOVER 
WINNER WHITE
# Game ended: Sun Mar 22 17:05:58 EDT 2009
