# Server version 0.04 running on lab2-9.CS.McGill.CA:8123
# Game ID: 81
# Board class: breakthrough.BTBoard
# Timeout: 5000
# Date: Sun Mar 22 16:55:24 EDT 2009
# Player 1: WHITE, 'neural', running on localhost
# Player 2: BLACK, 'fixed', running on localhost
START WHITE neural
START BLACK fixed
WHITE 9 16
BLACK 52 44
WHITE 16 24
BLACK 44 37
WHITE 24 32
BLACK 37 30
WHITE 32 41
BLACK 50 41
WHITE 13 21
BLACK 30 21
WHITE 14 21
BLACK 41 34
WHITE 21 28
BLACK 34 26
WHITE 28 36
BLACK 26 17
WHITE 10 17
BLACK 51 43
WHITE 36 43
BLACK 53 45
WHITE 43 52
BLACK 59 52
WHITE 17 24
BLACK 45 36
WHITE 24 33
BLACK 36 29
WHITE 33 40
BLACK 49 40
WHITE 15 22
BLACK 29 21
WHITE 12 21
BLACK 40 33
WHITE 21 30
BLACK 33 26
WHITE 30 39
BLACK 26 18
WHITE 11 18
BLACK 52 44
WHITE 39 46
BLACK 55 46
WHITE 18 26
BLACK 44 36
WHITE 26 35
BLACK 36 29
WHITE 22 29
BLACK 46 38
WHITE 29 38
BLACK 54 46
WHITE 35 42
BLACK 46 39
WHITE 42 49
BLACK 58 49
WHITE 4 13
BLACK 48 40
WHITE 2 10
BLACK 39 30
WHITE 38 45
BLACK 60 51
WHITE 5 14
BLACK 30 22
WHITE 13 22
BLACK 40 33
WHITE 45 53
BLACK 33 25
WHITE 53 62
GAMEOVER 
WINNER WHITE
# Game ended: Sun Mar 22 16:55:25 EDT 2009
