# Server version 0.04 running on lab2-9.CS.McGill.CA:8123
# Game ID: 112
# Board class: breakthrough.BTBoard
# Timeout: 5000
# Date: Sun Mar 22 17:08:33 EDT 2009
# Player 1: WHITE, 'neural', running on localhost
# Player 2: BLACK, 'fixed', running on localhost
START WHITE neural
START BLACK fixed
WHITE 10 18
BLACK 51 43
WHITE 18 27
BLACK 43 36
WHITE 27 36
BLACK 52 44
WHITE 36 45
BLACK 54 45
WHITE 14 23
BLACK 45 37
WHITE 23 31
BLACK 44 35
WHITE 6 14
BLACK 37 29
WHITE 12 19
BLACK 29 20
WHITE 13 20
BLACK 53 45
WHITE 31 38
BLACK 45 38
WHITE 20 29
BLACK 38 29
WHITE 19 27
BLACK 35 26
WHITE 27 34
BLACK 29 21
WHITE 14 21
BLACK 50 42
WHITE 5 12
BLACK 49 41
WHITE 34 41
BLACK 48 41
WHITE 21 30
BLACK 26 19
WHITE 12 19
BLACK 42 33
WHITE 30 38
BLACK 33 25
WHITE 38 47
BLACK 55 46
WHITE 47 54
BLACK 61 54
WHITE 19 28
BLACK 46 39
WHITE 1 10
BLACK 25 17
WHITE 8 17
BLACK 39 31
WHITE 28 35
BLACK 31 23
WHITE 35 42
BLACK 41 33
WHITE 4 13
BLACK 54 46
WHITE 42 51
BLACK 60 51
WHITE 17 24
BLACK 33 24
WHITE 13 20
BLACK 23 14
WHITE 7 14
BLACK 46 38
WHITE 20 28
BLACK 24 17
WHITE 10 17
BLACK 51 43
WHITE 28 37
BLACK 38 29
WHITE 37 46
BLACK 43 35
WHITE 46 55
BLACK 62 55
WHITE 17 25
BLACK 29 21
WHITE 14 21
BLACK 59 51
WHITE 25 33
BLACK 51 43
WHITE 33 42
BLACK 35 27
WHITE 42 49
BLACK 58 49
WHITE 21 28
BLACK 27 19
WHITE 28 37
BLACK 19 10
WHITE 3 10
BLACK 63 54
WHITE 37 44
BLACK 43 36
WHITE 44 51
BLACK 36 29
WHITE 51 60
GAMEOVER 
WINNER WHITE
# Game ended: Sun Mar 22 17:08:35 EDT 2009
