# Server version 0.04 running on socs-24.CS.McGill.CA:8123
# Game ID: 138
# Board class: breakthrough.BTBoard
# Timeout: 5000
# Date: Sun Mar 22 19:27:17 EDT 2009
# Player 1: WHITE, 'neural', running on localhost
# Player 2: BLACK, 'fixed', running on localhost
START WHITE neural
START BLACK fixed
WHITE 8 16
BLACK 51 43
WHITE 16 24
BLACK 55 47
WHITE 0 8
BLACK 43 35
WHITE 24 32
BLACK 52 44
WHITE 8 16
BLACK 53 45
WHITE 1 8
BLACK 44 36
WHITE 8 17
BLACK 35 27
WHITE 9 18
BLACK 27 18
WHITE 11 18
BLACK 36 28
WHITE 2 9
BLACK 28 20
WHITE 13 20
BLACK 45 37
WHITE 3 11
BLACK 37 28
WHITE 4 13
BLACK 28 19
WHITE 10 19
BLACK 47 39
WHITE 12 21
BLACK 39 30
WHITE 21 30
BLACK 50 42
WHITE 5 12
BLACK 42 35
WHITE 12 21
BLACK 35 26
WHITE 17 26
BLACK 54 45
WHITE 9 17
BLACK 48 41
WHITE 32 41
BLACK 45 37
WHITE 30 37
BLACK 49 40
WHITE 13 22
BLACK 40 32
WHITE 6 13
BLACK 60 52
WHITE 14 23
BLACK 32 25
WHITE 16 25
BLACK 59 51
WHITE 7 14
BLACK 56 49
WHITE 17 24
BLACK 52 45
WHITE 18 27
BLACK 45 38
WHITE 11 18
BLACK 51 43
WHITE 19 28
BLACK 38 30
WHITE 21 30
BLACK 61 52
WHITE 13 21
BLACK 43 36
WHITE 27 36
BLACK 52 44
WHITE 37 44
BLACK 49 40
WHITE 18 27
BLACK 40 32
WHITE 25 32
BLACK 57 50
WHITE 41 50
BLACK 58 51
WHITE 50 57
GAMEOVER 
WINNER WHITE
# Game ended: Sun Mar 22 19:27:18 EDT 2009
