# Server version 0.04 running on socs-24.CS.McGill.CA:8123
# Game ID: 169
# Board class: breakthrough.BTBoard
# Timeout: 5000
# Date: Sun Mar 22 19:42:13 EDT 2009
# Player 1: WHITE, 'fixed', running on localhost
# Player 2: BLACK, 'neural', running on localhost
START WHITE fixed
START BLACK neural
WHITE 11 20
BLACK 48 40
WHITE 12 19
BLACK 40 32
WHITE 20 28
BLACK 32 24
WHITE 28 37
BLACK 24 16
WHITE 37 45
BLACK 52 45
WHITE 9 16
BLACK 45 36
WHITE 19 28
BLACK 36 27
WHITE 16 25
BLACK 27 18
WHITE 28 37
BLACK 18 9
WHITE 2 9
BLACK 49 40
WHITE 25 34
BLACK 40 32
WHITE 37 44
BLACK 51 44
WHITE 34 43
BLACK 50 43
WHITE 13 20
BLACK 32 24
WHITE 20 29
BLACK 24 16
WHITE 9 16
BLACK 43 34
WHITE 29 36
BLACK 34 25
WHITE 16 25
BLACK 44 35
WHITE 36 44
BLACK 53 44
WHITE 25 32
BLACK 35 26
WHITE 10 19
BLACK 26 19
WHITE 32 41
BLACK 19 10
WHITE 3 10
BLACK 44 35
WHITE 14 22
BLACK 35 26
WHITE 22 30
BLACK 26 17
WHITE 10 17
BLACK 54 45
WHITE 41 50
BLACK 57 50
WHITE 30 38
BLACK 45 38
WHITE 17 25
BLACK 38 29
WHITE 15 23
BLACK 29 20
WHITE 25 33
BLACK 20 11
WHITE 4 11
BLACK 50 41
WHITE 23 31
BLACK 41 32
WHITE 33 41
BLACK 32 24
WHITE 41 49
BLACK 56 49
WHITE 31 39
BLACK 24 16
WHITE 11 19
BLACK 16 9
WHITE 0 9
BLACK 49 40
WHITE 39 47
BLACK 40 32
WHITE 47 54
BLACK 61 54
WHITE 19 26
BLACK 32 24
WHITE 26 33
BLACK 24 16
WHITE 9 16
BLACK 54 45
WHITE 33 42
BLACK 45 36
WHITE 8 17
BLACK 36 27
WHITE 42 49
BLACK 58 49
WHITE 1 9
BLACK 27 18
WHITE 9 18
BLACK 49 40
WHITE 18 26
BLACK 40 32
WHITE 26 34
BLACK 32 24
WHITE 17 24
BLACK 55 46
WHITE 24 33
BLACK 46 37
WHITE 33 41
BLACK 37 28
WHITE 34 42
BLACK 28 19
WHITE 42 49
BLACK 19 10
WHITE 49 57
GAMEOVER 
WINNER WHITE
# Game ended: Sun Mar 22 19:42:15 EDT 2009
