# Server version 0.04 running on lab2-9.CS.McGill.CA:8123
# Game ID: 67
# Board class: breakthrough.BTBoard
# Timeout: 5000
# Date: Sun Mar 22 16:22:29 EDT 2009
# Player 1: WHITE, 'neural', running on localhost
# Player 2: BLACK, 'fixed', running on localhost
START WHITE neural
START BLACK fixed
WHITE 13 22
BLACK 52 44
WHITE 22 30
BLACK 51 42
WHITE 11 18
BLACK 42 34
WHITE 4 11
BLACK 34 27
WHITE 18 27
BLACK 50 43
WHITE 5 13
BLACK 43 36
WHITE 27 36
BLACK 53 45
WHITE 36 45
BLACK 54 45
WHITE 14 23
BLACK 44 36
WHITE 30 39
BLACK 36 28
WHITE 10 19
BLACK 28 20
WHITE 11 20
BLACK 45 36
WHITE 2 10
BLACK 36 28
WHITE 19 28
BLACK 49 41
WHITE 6 14
BLACK 41 33
WHITE 10 17
BLACK 33 25
WHITE 14 21
BLACK 25 16
WHITE 9 16
BLACK 55 47
WHITE 3 10
BLACK 61 53
WHITE 1 9
BLACK 47 38
WHITE 7 14
BLACK 53 45
WHITE 9 18
BLACK 38 30
WHITE 21 30
BLACK 45 36
WHITE 13 22
BLACK 60 52
WHITE 10 19
BLACK 36 27
WHITE 20 27
BLACK 58 51
WHITE 14 21
BLACK 51 44
WHITE 23 31
BLACK 44 37
WHITE 30 37
BLACK 52 44
WHITE 37 44
BLACK 59 52
WHITE 17 24
BLACK 48 41
WHITE 21 29
BLACK 62 54
WHITE 15 23
BLACK 63 55
WHITE 12 20
BLACK 52 43
WHITE 19 26
BLACK 41 33
WHITE 24 33
BLACK 43 36
WHITE 27 36
BLACK 55 47
WHITE 18 25
BLACK 47 38
WHITE 31 38
BLACK 54 46
WHITE 39 46
BLACK 57 50
WHITE 46 54
BLACK 50 43
WHITE 54 63
GAMEOVER 
WINNER WHITE
# Game ended: Sun Mar 22 16:22:30 EDT 2009
