# Server version 0.04 running on socs-24.CS.McGill.CA:8123
# Game ID: 158
# Board class: breakthrough.BTBoard
# Timeout: 5000
# Date: Sun Mar 22 19:36:24 EDT 2009
# Player 1: WHITE, 'neural', running on localhost
# Player 2: BLACK, 'fixed', running on localhost
START WHITE neural
START BLACK fixed
WHITE 8 16
BLACK 53 45
WHITE 16 24
BLACK 52 44
WHITE 24 32
BLACK 44 35
WHITE 32 40
BLACK 49 40
WHITE 9 16
BLACK 35 27
WHITE 16 24
BLACK 45 37
WHITE 24 32
BLACK 37 30
WHITE 32 41
BLACK 50 41
WHITE 10 17
BLACK 27 20
WHITE 11 20
BLACK 30 22
WHITE 13 22
BLACK 41 33
WHITE 17 24
BLACK 33 24
WHITE 20 27
BLACK 24 16
WHITE 27 34
BLACK 16 8
WHITE 1 8
BLACK 40 32
WHITE 34 41
BLACK 48 41
WHITE 22 29
BLACK 32 25
WHITE 29 36
BLACK 41 34
WHITE 36 43
BLACK 25 17
WHITE 8 17
BLACK 51 44
WHITE 43 50
BLACK 57 50
WHITE 17 24
BLACK 44 37
WHITE 24 32
BLACK 34 26
WHITE 32 40
BLACK 26 18
WHITE 40 48
BLACK 18 10
WHITE 3 10
BLACK 50 42
WHITE 48 57
GAMEOVER 
WINNER WHITE
# Game ended: Sun Mar 22 19:36:25 EDT 2009
