# Server version 0.04 running on socs-24.CS.McGill.CA:8123
# Game ID: 130
# Board class: breakthrough.BTBoard
# Timeout: 5000
# Date: Sun Mar 22 19:20:55 EDT 2009
# Player 1: WHITE, 'neural', running on localhost
# Player 2: BLACK, 'fixed', running on localhost
START WHITE neural
START BLACK fixed
WHITE 8 16
BLACK 52 43
WHITE 16 24
BLACK 43 35
WHITE 24 32
BLACK 50 43
WHITE 32 40
BLACK 49 40
WHITE 9 16
BLACK 35 27
WHITE 16 24
BLACK 43 35
WHITE 24 32
BLACK 35 26
WHITE 32 41
BLACK 48 41
WHITE 10 17
BLACK 26 17
WHITE 11 18
BLACK 27 18
WHITE 12 19
BLACK 18 9
WHITE 0 9
BLACK 17 8
WHITE 1 8
BLACK 41 33
WHITE 19 26
BLACK 33 26
WHITE 8 16
BLACK 26 19
WHITE 16 24
BLACK 19 11
WHITE 2 11
BLACK 51 43
WHITE 24 32
BLACK 43 34
WHITE 32 41
BLACK 34 26
WHITE 41 48
BLACK 57 48
WHITE 9 16
BLACK 40 32
WHITE 16 24
BLACK 26 17
WHITE 24 33
BLACK 17 9
WHITE 33 40
BLACK 9 1
GAMEOVER 
WINNER BLACK
# Game ended: Sun Mar 22 19:20:56 EDT 2009
