# Server version 0.04 running on lab2-9.CS.McGill.CA:8123
# Game ID: 118
# Board class: breakthrough.BTBoard
# Timeout: 5000
# Date: Sun Mar 22 17:10:55 EDT 2009
# Player 1: WHITE, 'neural', running on localhost
# Player 2: BLACK, 'fixed', running on localhost
START WHITE neural
START BLACK fixed
WHITE 11 20
BLACK 52 44
WHITE 20 28
BLACK 44 36
WHITE 28 37
BLACK 51 43
WHITE 37 45
BLACK 54 45
WHITE 9 17
BLACK 36 27
WHITE 17 26
BLACK 27 19
WHITE 12 19
BLACK 43 36
WHITE 26 33
BLACK 53 46
WHITE 33 41
BLACK 50 41
WHITE 19 28
BLACK 36 27
WHITE 28 36
BLACK 45 36
WHITE 10 18
BLACK 27 18
WHITE 14 22
BLACK 18 10
WHITE 1 10
BLACK 36 28
WHITE 22 30
BLACK 28 20
WHITE 13 20
BLACK 46 38
WHITE 4 12
BLACK 38 29
WHITE 20 29
BLACK 41 33
WHITE 29 37
BLACK 33 24
WHITE 37 45
BLACK 24 16
WHITE 5 13
BLACK 49 41
WHITE 6 14
BLACK 16 9
WHITE 0 9
BLACK 48 40
WHITE 2 11
BLACK 40 32
WHITE 11 19
BLACK 32 24
WHITE 45 52
BLACK 59 52
WHITE 30 38
BLACK 24 17
WHITE 10 17
BLACK 41 32
WHITE 38 46
BLACK 55 46
WHITE 17 26
BLACK 32 24
WHITE 26 35
BLACK 24 17
WHITE 8 17
BLACK 46 38
WHITE 35 43
BLACK 52 43
WHITE 19 26
BLACK 61 54
WHITE 26 35
BLACK 38 30
WHITE 35 42
BLACK 43 35
WHITE 42 49
BLACK 58 49
WHITE 17 24
BLACK 49 40
WHITE 24 33
BLACK 40 33
WHITE 9 16
BLACK 30 22
WHITE 13 22
BLACK 35 27
WHITE 22 29
BLACK 27 19
WHITE 12 19
BLACK 33 25
WHITE 16 25
BLACK 62 55
WHITE 29 36
BLACK 54 46
WHITE 36 44
BLACK 46 38
WHITE 44 53
BLACK 60 53
WHITE 3 11
BLACK 53 46
WHITE 25 33
BLACK 46 37
WHITE 33 42
BLACK 37 29
WHITE 42 49
BLACK 56 49
WHITE 19 27
BLACK 55 46
WHITE 27 35
BLACK 29 21
WHITE 14 21
BLACK 38 31
WHITE 35 42
BLACK 49 42
WHITE 21 30
BLACK 42 34
WHITE 30 38
BLACK 34 25
WHITE 38 47
BLACK 31 23
WHITE 7 14
BLACK 23 14
WHITE 47 55
BLACK 14 6
GAMEOVER 
WINNER BLACK
# Game ended: Sun Mar 22 17:10:57 EDT 2009
