# Server version 0.04 running on socs-1.CS.McGill.CA:8123
# Game ID: 38
# Board class: breakthrough.BTBoard
# Timeout: 5000
# Date: Tue Jan 27 11:51:49 GMT 2009
# Player 1: WHITE, 'dummy', running on localhost
# Player 2: BLACK, 'Saqib', running on localhost
START WHITE dummy
START BLACK Saqib
WHITE 15 23
BLACK 48 40
WHITE 6 15
BLACK 40 32
WHITE 12 20
BLACK 32 24
WHITE 20 28
BLACK 24 16
WHITE 10 18
BLACK 16 9
WHITE 14 22
BLACK 9 0
GAMEOVER 
WINNER BLACK
# Game ended: Tue Jan 27 11:51:49 GMT 2009
