# Server version 0.04 running on lab2-9.CS.McGill.CA:8123
# Game ID: 64
# Board class: breakthrough.BTBoard
# Timeout: 5000
# Date: Sun Mar 22 16:19:17 EDT 2009
# Player 1: WHITE, 'neural', running on localhost
# Player 2: BLACK, 'fixed', running on localhost
START WHITE neural
START BLACK fixed
WHITE 12 20
BLACK 51 43
WHITE 20 27
BLACK 53 45
WHITE 9 16
BLACK 45 37
WHITE 27 34
BLACK 43 34
WHITE 5 12
BLACK 34 25
WHITE 16 25
BLACK 52 45
WHITE 25 33
BLACK 45 38
WHITE 0 9
BLACK 37 29
WHITE 13 20
BLACK 29 20
WHITE 11 20
BLACK 50 42
WHITE 33 42
BLACK 49 42
WHITE 20 29
BLACK 38 29
WHITE 9 17
BLACK 29 20
WHITE 4 13
BLACK 20 13
WHITE 6 13
BLACK 48 41
WHITE 15 23
BLACK 54 46
WHITE 23 30
BLACK 42 34
WHITE 7 15
BLACK 34 26
WHITE 17 26
BLACK 46 37
WHITE 30 37
BLACK 41 34
WHITE 2 9
BLACK 60 53
WHITE 13 21
BLACK 34 25
WHITE 10 19
BLACK 25 17
WHITE 8 17
BLACK 58 49
WHITE 14 22
BLACK 53 45
WHITE 12 20
BLACK 45 38
WHITE 3 11
BLACK 38 29
WHITE 22 29
BLACK 49 41
WHITE 15 23
BLACK 55 46
WHITE 37 46
BLACK 41 34
WHITE 1 8
BLACK 34 25
WHITE 23 30
BLACK 61 52
WHITE 8 16
BLACK 25 16
WHITE 9 16
BLACK 52 44
WHITE 11 18
BLACK 44 36
WHITE 29 36
BLACK 59 52
WHITE 17 24
BLACK 52 44
WHITE 18 27
BLACK 57 48
WHITE 46 53
BLACK 48 41
WHITE 53 62
GAMEOVER 
WINNER WHITE
# Game ended: Sun Mar 22 16:19:19 EDT 2009
