# Server version 0.04 running on socs-24.CS.McGill.CA:8123
# Game ID: 139
# Board class: breakthrough.BTBoard
# Timeout: 5000
# Date: Sun Mar 22 19:27:29 EDT 2009
# Player 1: WHITE, 'fixed', running on localhost
# Player 2: BLACK, 'neural', running on localhost
START WHITE fixed
START BLACK neural
WHITE 13 21
BLACK 48 40
WHITE 21 29
BLACK 40 32
WHITE 29 37
BLACK 56 48
WHITE 37 45
BLACK 52 45
WHITE 14 22
BLACK 59 52
WHITE 22 30
BLACK 32 24
WHITE 30 38
BLACK 45 38
WHITE 12 19
BLACK 48 40
WHITE 19 28
BLACK 57 48
WHITE 10 17
BLACK 24 17
WHITE 8 17
BLACK 38 29
WHITE 28 36
BLACK 48 41
WHITE 17 25
BLACK 49 42
WHITE 36 45
BLACK 52 45
WHITE 25 34
BLACK 41 34
WHITE 9 17
BLACK 58 49
WHITE 15 23
BLACK 60 52
WHITE 17 26
BLACK 49 41
WHITE 23 30
BLACK 50 43
WHITE 26 33
BLACK 40 33
WHITE 11 20
BLACK 29 20
WHITE 30 38
BLACK 45 38
WHITE 4 11
BLACK 20 11
WHITE 2 11
BLACK 33 24
WHITE 11 19
BLACK 51 44
WHITE 19 28
BLACK 52 45
WHITE 28 35
BLACK 42 35
WHITE 5 13
BLACK 61 52
WHITE 13 21
BLACK 53 46
WHITE 21 29
BLACK 38 29
WHITE 3 12
BLACK 62 53
WHITE 12 20
BLACK 29 20
WHITE 6 15
BLACK 54 47
WHITE 15 23
BLACK 63 54
WHITE 23 31
BLACK 41 32
WHITE 31 38
BLACK 45 38
WHITE 0 9
BLACK 52 45
WHITE 9 18
BLACK 43 36
WHITE 1 9
BLACK 44 37
WHITE 9 17
BLACK 24 17
WHITE 18 26
BLACK 35 26
WHITE 7 15
BLACK 53 44
WHITE 15 23
BLACK 44 35
WHITE 23 31
BLACK 38 31
GAMEOVER 
WINNER BLACK
# Game ended: Sun Mar 22 19:27:31 EDT 2009
