# Server version 0.04 running on lab2-9.CS.McGill.CA:8123
# Game ID: 96
# Board class: breakthrough.BTBoard
# Timeout: 5000
# Date: Sun Mar 22 16:59:10 EDT 2009
# Player 1: WHITE, 'fixed', running on localhost
# Player 2: BLACK, 'neural', running on localhost
START WHITE fixed
START BLACK neural
WHITE 14 21
BLACK 52 45
WHITE 21 30
BLACK 45 38
WHITE 30 39
BLACK 38 30
WHITE 39 47
BLACK 54 47
WHITE 11 19
BLACK 30 21
WHITE 12 21
BLACK 47 38
WHITE 21 28
BLACK 38 29
WHITE 13 21
BLACK 29 22
WHITE 15 22
BLACK 61 54
WHITE 28 36
BLACK 55 47
WHITE 36 44
BLACK 51 44
WHITE 19 28
BLACK 44 35
WHITE 28 35
BLACK 63 55
WHITE 22 30
BLACK 50 42
WHITE 35 42
BLACK 49 42
WHITE 30 38
BLACK 47 38
WHITE 21 30
BLACK 38 29
WHITE 10 18
BLACK 29 20
WHITE 30 37
BLACK 20 13
WHITE 4 13
BLACK 53 46
WHITE 37 46
BLACK 55 46
WHITE 13 20
BLACK 46 37
WHITE 20 28
BLACK 37 28
WHITE 18 26
BLACK 28 19
WHITE 26 35
BLACK 42 35
WHITE 9 17
BLACK 19 12
WHITE 3 12
BLACK 35 28
WHITE 17 25
BLACK 28 19
WHITE 12 19
BLACK 57 50
WHITE 5 14
BLACK 62 55
WHITE 25 33
BLACK 54 47
WHITE 33 42
BLACK 47 39
WHITE 42 49
BLACK 56 49
WHITE 19 27
BLACK 39 31
WHITE 27 35
BLACK 31 22
WHITE 35 44
BLACK 22 15
WHITE 6 15
BLACK 48 41
WHITE 14 22
BLACK 41 33
WHITE 44 52
BLACK 59 52
WHITE 2 10
BLACK 33 26
WHITE 22 29
BLACK 26 18
WHITE 29 37
BLACK 18 11
WHITE 37 44
BLACK 11 4
GAMEOVER 
WINNER BLACK
# Game ended: Sun Mar 22 16:59:12 EDT 2009
