# Server version 0.04 running on lab2-9.CS.McGill.CA:8123
# Game ID: 58
# Board class: breakthrough.BTBoard
# Timeout: 5000
# Date: Sun Mar 22 15:51:30 EDT 2009
# Player 1: WHITE, 'neural', running on localhost
# Player 2: BLACK, 'fixed', running on localhost
START WHITE neural
START BLACK fixed
WHITE 8 16
BLACK 52 44
WHITE 11 19
BLACK 44 35
WHITE 4 11
BLACK 35 26
WHITE 9 18
BLACK 26 19
WHITE 16 25
BLACK 19 10
WHITE 14 21
BLACK 10 1
GAMEOVER 
WINNER BLACK
# Game ended: Sun Mar 22 15:51:30 EDT 2009
