# Server version 0.04 running on lab2-9.CS.McGill.CA:8123
# Game ID: 79
# Board class: breakthrough.BTBoard
# Timeout: 5000
# Date: Sun Mar 22 16:27:47 EDT 2009
# Player 1: WHITE, 'neural', running on localhost
# Player 2: BLACK, 'fixed', running on localhost
START WHITE neural
START BLACK fixed
WHITE 14 23
BLACK 51 43
WHITE 23 31
BLACK 53 44
WHITE 5 14
BLACK 52 45
WHITE 8 16
BLACK 43 35
WHITE 0 8
BLACK 35 27
WHITE 13 21
BLACK 27 20
WHITE 11 20
BLACK 45 36
WHITE 31 38
BLACK 36 28
WHITE 21 28
BLACK 50 41
WHITE 38 46
BLACK 55 46
WHITE 14 22
BLACK 46 39
WHITE 28 36
BLACK 39 30
WHITE 7 14
BLACK 44 35
WHITE 14 23
BLACK 30 23
WHITE 4 13
BLACK 35 28
WHITE 12 19
BLACK 28 19
WHITE 10 19
BLACK 23 14
WHITE 2 11
BLACK 41 33
WHITE 3 10
BLACK 14 7
GAMEOVER 
WINNER BLACK
# Game ended: Sun Mar 22 16:27:48 EDT 2009
