# Server version 0.04 running on socs-24.CS.McGill.CA:8123
# Game ID: 164
# Board class: breakthrough.BTBoard
# Timeout: 5000
# Date: Sun Mar 22 19:40:52 EDT 2009
# Player 1: WHITE, 'neural', running on localhost
# Player 2: BLACK, 'fixed', running on localhost
START WHITE neural
START BLACK fixed
WHITE 8 16
BLACK 52 44
WHITE 16 24
BLACK 44 37
WHITE 24 32
BLACK 51 42
WHITE 32 40
BLACK 37 28
WHITE 40 49
BLACK 58 49
WHITE 9 16
BLACK 42 34
WHITE 16 24
BLACK 28 21
WHITE 12 21
BLACK 53 46
WHITE 24 32
BLACK 34 26
WHITE 32 40
BLACK 49 40
WHITE 21 28
BLACK 26 19
WHITE 10 19
BLACK 46 37
WHITE 28 37
BLACK 50 41
WHITE 37 44
BLACK 41 33
WHITE 44 51
BLACK 60 51
WHITE 19 26
BLACK 33 26
WHITE 11 18
BLACK 26 19
WHITE 18 25
BLACK 19 11
WHITE 2 11
BLACK 54 46
WHITE 25 32
BLACK 46 37
WHITE 32 41
BLACK 48 41
WHITE 11 18
BLACK 37 29
WHITE 18 25
BLACK 29 21
WHITE 14 21
BLACK 41 33
WHITE 25 32
BLACK 51 43
WHITE 32 41
BLACK 43 35
WHITE 41 48
BLACK 57 48
WHITE 21 28
BLACK 35 28
WHITE 13 20
BLACK 33 26
WHITE 20 27
BLACK 26 18
WHITE 27 34
BLACK 18 10
WHITE 1 10
BLACK 28 20
WHITE 34 41
BLACK 48 41
WHITE 10 17
BLACK 20 13
WHITE 4 13
BLACK 41 34
WHITE 17 24
BLACK 34 26
WHITE 24 32
BLACK 26 18
WHITE 32 41
BLACK 40 32
WHITE 41 48
BLACK 18 10
WHITE 3 10
BLACK 32 24
WHITE 48 57
GAMEOVER 
WINNER WHITE
# Game ended: Sun Mar 22 19:40:54 EDT 2009
