# Server version 0.04 running on socs-24.CS.McGill.CA:8123
# Game ID: 146
# Board class: breakthrough.BTBoard
# Timeout: 5000
# Date: Sun Mar 22 19:29:37 EDT 2009
# Player 1: WHITE, 'neural', running on localhost
# Player 2: BLACK, 'fixed', running on localhost
START WHITE neural
START BLACK fixed
WHITE 8 16
BLACK 52 44
WHITE 16 24
BLACK 51 42
WHITE 0 8
BLACK 44 36
WHITE 24 32
BLACK 42 34
WHITE 8 16
BLACK 36 28
WHITE 1 8
BLACK 53 46
WHITE 8 17
BLACK 34 26
WHITE 17 26
BLACK 28 21
WHITE 12 21
BLACK 55 47
WHITE 3 12
BLACK 46 37
WHITE 9 17
BLACK 37 30
WHITE 21 30
BLACK 54 46
WHITE 2 9
BLACK 46 38
WHITE 9 18
BLACK 38 29
WHITE 10 19
BLACK 29 21
WHITE 12 21
BLACK 47 39
WHITE 30 39
BLACK 49 42
WHITE 4 12
BLACK 50 41
WHITE 32 41
BLACK 48 41
WHITE 11 20
BLACK 42 34
WHITE 13 22
BLACK 59 51
WHITE 5 13
BLACK 34 25
WHITE 16 25
BLACK 41 34
WHITE 25 34
BLACK 51 44
WHITE 14 23
BLACK 61 53
WHITE 6 14
BLACK 53 45
WHITE 34 41
BLACK 44 37
WHITE 17 24
BLACK 60 52
WHITE 18 25
BLACK 45 36
WHITE 19 27
BLACK 36 27
WHITE 20 27
BLACK 58 50
WHITE 41 50
BLACK 57 50
WHITE 12 19
BLACK 37 29
WHITE 22 29
BLACK 52 45
WHITE 13 20
BLACK 45 37
WHITE 14 22
BLACK 37 30
WHITE 21 30
BLACK 50 41
WHITE 7 14
BLACK 41 34
WHITE 25 34
BLACK 63 54
WHITE 14 21
BLACK 54 46
WHITE 39 46
BLACK 62 54
WHITE 19 28
BLACK 54 47
WHITE 22 31
BLACK 47 39
WHITE 30 39
BLACK 56 49
WHITE 15 22
BLACK 49 41
WHITE 34 41
GAMEOVER 
WINNER WHITE
# Game ended: Sun Mar 22 19:29:39 EDT 2009
