# Server version 0.04 running on socs-24.CS.McGill.CA:8123
# Game ID: 172
# Board class: breakthrough.BTBoard
# Timeout: 5000
# Date: Sun Mar 22 19:42:57 EDT 2009
# Player 1: WHITE, 'neural', running on localhost
# Player 2: BLACK, 'fixed', running on localhost
START WHITE neural
START BLACK fixed
WHITE 8 16
BLACK 53 46
WHITE 16 24
BLACK 46 38
WHITE 24 32
BLACK 38 31
WHITE 32 40
BLACK 49 40
WHITE 9 16
BLACK 31 23
WHITE 14 23
BLACK 52 44
WHITE 16 24
BLACK 44 35
WHITE 24 32
BLACK 50 42
WHITE 32 41
BLACK 48 41
WHITE 23 30
BLACK 35 27
WHITE 30 37
BLACK 27 19
WHITE 10 19
BLACK 42 34
WHITE 37 44
BLACK 51 44
WHITE 19 26
BLACK 34 25
WHITE 26 33
BLACK 40 33
WHITE 11 18
BLACK 25 18
WHITE 12 19
BLACK 18 11
WHITE 2 11
BLACK 44 36
WHITE 19 26
BLACK 33 26
WHITE 11 18
BLACK 41 33
WHITE 18 25
BLACK 26 18
WHITE 25 32
BLACK 18 9
WHITE 0 9
BLACK 33 25
WHITE 32 40
BLACK 25 17
WHITE 40 48
BLACK 57 48
WHITE 9 16
BLACK 17 9
WHITE 16 24
BLACK 9 0
GAMEOVER 
WINNER BLACK
# Game ended: Sun Mar 22 19:42:58 EDT 2009
