# Server version 0.04 running on lab2-9.CS.McGill.CA:8123
# Game ID: 90
# Board class: breakthrough.BTBoard
# Timeout: 5000
# Date: Sun Mar 22 16:57:46 EDT 2009
# Player 1: WHITE, 'fixed', running on localhost
# Player 2: BLACK, 'neural', running on localhost
START WHITE fixed
START BLACK neural
WHITE 12 20
BLACK 54 46
WHITE 11 19
BLACK 46 37
WHITE 20 28
BLACK 37 28
WHITE 19 28
BLACK 63 54
WHITE 13 20
BLACK 52 43
WHITE 28 37
BLACK 49 42
WHITE 9 17
BLACK 54 47
WHITE 4 12
BLACK 56 49
WHITE 20 28
BLACK 53 44
WHITE 37 44
BLACK 51 44
WHITE 28 37
BLACK 44 37
WHITE 17 25
BLACK 37 30
WHITE 25 33
BLACK 42 33
WHITE 10 18
BLACK 30 22
WHITE 15 22
BLACK 33 26
WHITE 18 25
BLACK 26 17
WHITE 8 17
BLACK 43 34
WHITE 25 34
BLACK 49 42
WHITE 34 43
BLACK 50 43
WHITE 17 25
BLACK 47 39
WHITE 25 33
BLACK 42 33
WHITE 22 30
BLACK 39 30
WHITE 12 20
BLACK 30 22
WHITE 20 29
BLACK 22 15
WHITE 6 15
BLACK 33 26
WHITE 14 23
BLACK 26 17
WHITE 29 37
BLACK 17 9
WHITE 2 9
BLACK 61 53
WHITE 23 30
BLACK 59 52
WHITE 37 45
BLACK 52 45
WHITE 3 11
BLACK 45 36
WHITE 30 38
BLACK 36 29
WHITE 11 18
BLACK 29 21
WHITE 18 25
BLACK 21 13
WHITE 25 33
BLACK 13 4
GAMEOVER 
WINNER BLACK
# Game ended: Sun Mar 22 16:57:47 EDT 2009
