# Server version 0.04 running on socs-24.CS.McGill.CA:8123
# Game ID: 140
# Board class: breakthrough.BTBoard
# Timeout: 5000
# Date: Sun Mar 22 19:27:41 EDT 2009
# Player 1: WHITE, 'neural', running on localhost
# Player 2: BLACK, 'fixed', running on localhost
START WHITE neural
START BLACK fixed
WHITE 8 16
BLACK 52 44
WHITE 16 24
BLACK 51 43
WHITE 0 8
BLACK 44 36
WHITE 24 32
BLACK 43 35
WHITE 8 16
BLACK 53 45
WHITE 1 8
BLACK 35 27
WHITE 8 17
BLACK 27 20
WHITE 11 20
BLACK 36 29
WHITE 20 29
BLACK 45 38
WHITE 29 38
BLACK 50 43
WHITE 2 11
BLACK 54 45
WHITE 38 45
BLACK 49 41
WHITE 32 41
BLACK 48 41
WHITE 9 18
BLACK 41 33
WHITE 10 19
BLACK 33 26
WHITE 17 26
BLACK 43 36
WHITE 3 10
BLACK 36 28
WHITE 19 28
BLACK 55 46
WHITE 10 17
BLACK 46 37
WHITE 28 37
BLACK 60 53
WHITE 11 19
BLACK 59 51
WHITE 4 11
BLACK 61 54
WHITE 45 54
BLACK 63 54
WHITE 11 20
BLACK 51 42
WHITE 12 21
BLACK 53 45
WHITE 5 12
BLACK 45 38
WHITE 13 22
BLACK 38 31
WHITE 22 31
BLACK 42 34
WHITE 6 13
BLACK 34 27
WHITE 18 27
BLACK 54 45
WHITE 13 22
BLACK 45 38
WHITE 31 38
BLACK 57 49
WHITE 14 23
BLACK 62 54
WHITE 7 14
BLACK 54 46
WHITE 37 46
BLACK 49 41
WHITE 16 24
BLACK 41 33
WHITE 24 33
BLACK 58 50
WHITE 17 24
BLACK 56 48
WHITE 19 28
BLACK 50 43
WHITE 12 19
BLACK 43 36
WHITE 27 36
BLACK 48 40
WHITE 33 40
GAMEOVER 
WINNER WHITE
# Game ended: Sun Mar 22 19:27:42 EDT 2009
