# Server version 0.04 running on lab2-9.CS.McGill.CA:8123
# Game ID: 62
# Board class: breakthrough.BTBoard
# Timeout: 5000
# Date: Sun Mar 22 16:16:12 EDT 2009
# Player 1: WHITE, 'fixed', running on localhost
# Player 2: BLACK, 'neural', running on localhost
START WHITE fixed
START BLACK neural
WHITE 11 20
BLACK 53 46
WHITE 20 28
BLACK 46 37
WHITE 28 37
BLACK 55 47
WHITE 12 20
BLACK 51 43
WHITE 37 45
BLACK 52 45
WHITE 20 27
BLACK 45 38
WHITE 27 36
BLACK 43 36
WHITE 14 21
BLACK 36 27
WHITE 21 29
BLACK 38 29
WHITE 10 18
BLACK 27 18
WHITE 9 18
BLACK 29 21
WHITE 18 27
BLACK 60 53
WHITE 27 35
BLACK 61 52
WHITE 35 43
BLACK 50 43
WHITE 8 16
BLACK 62 55
WHITE 16 24
BLACK 21 12
WHITE 3 12
BLACK 43 34
WHITE 24 32
BLACK 58 51
WHITE 13 21
BLACK 51 43
WHITE 21 29
BLACK 57 50
WHITE 29 37
BLACK 34 26
WHITE 37 45
BLACK 54 45
WHITE 32 41
BLACK 48 41
WHITE 12 20
BLACK 47 38
WHITE 20 29
BLACK 38 29
WHITE 4 12
BLACK 26 18
WHITE 12 19
BLACK 59 51
WHITE 19 27
BLACK 49 40
WHITE 15 23
BLACK 56 48
WHITE 27 36
BLACK 45 36
WHITE 23 31
BLACK 63 54
WHITE 1 9
BLACK 18 9
WHITE 2 9
BLACK 51 42
WHITE 31 39
BLACK 54 47
WHITE 9 18
BLACK 52 44
WHITE 39 46
BLACK 55 46
WHITE 18 26
BLACK 29 20
WHITE 26 34
BLACK 43 34
WHITE 6 14
BLACK 36 27
WHITE 5 12
BLACK 20 13
WHITE 0 9
BLACK 13 6
GAMEOVER 
WINNER BLACK
# Game ended: Sun Mar 22 16:16:14 EDT 2009
