# Server version 0.04 running on socs-24.CS.McGill.CA:8123
# Game ID: 167
# Board class: breakthrough.BTBoard
# Timeout: 5000
# Date: Sun Mar 22 19:41:45 EDT 2009
# Player 1: WHITE, 'fixed', running on localhost
# Player 2: BLACK, 'neural', running on localhost
START WHITE fixed
START BLACK neural
WHITE 13 22
BLACK 48 40
WHITE 10 18
BLACK 40 32
WHITE 18 27
BLACK 32 24
WHITE 27 36
BLACK 24 16
WHITE 9 16
BLACK 49 40
WHITE 36 45
BLACK 52 45
WHITE 22 31
BLACK 40 32
WHITE 31 38
BLACK 45 38
WHITE 16 24
BLACK 32 25
WHITE 24 32
BLACK 25 16
WHITE 32 41
BLACK 50 41
WHITE 11 20
BLACK 16 9
WHITE 2 9
BLACK 38 29
WHITE 20 29
BLACK 41 32
WHITE 29 37
BLACK 32 24
WHITE 37 45
BLACK 54 45
WHITE 9 17
BLACK 24 17
WHITE 8 17
BLACK 45 36
WHITE 17 25
BLACK 36 27
WHITE 25 34
BLACK 27 18
WHITE 14 22
BLACK 18 9
WHITE 0 9
BLACK 51 42
WHITE 34 41
BLACK 42 33
WHITE 41 48
BLACK 57 48
WHITE 12 20
BLACK 33 24
WHITE 20 28
BLACK 24 16
WHITE 22 30
BLACK 16 9
WHITE 28 36
BLACK 9 0
GAMEOVER 
WINNER BLACK
# Game ended: Sun Mar 22 19:41:46 EDT 2009
