# Server version 0.04 running on socs-24.CS.McGill.CA:8123
# Game ID: 145
# Board class: breakthrough.BTBoard
# Timeout: 5000
# Date: Sun Mar 22 19:29:13 EDT 2009
# Player 1: WHITE, 'fixed', running on localhost
# Player 2: BLACK, 'neural', running on localhost
START WHITE fixed
START BLACK neural
WHITE 12 19
BLACK 48 40
WHITE 19 27
BLACK 40 32
WHITE 10 18
BLACK 56 48
WHITE 27 34
BLACK 32 24
WHITE 34 41
BLACK 48 41
WHITE 11 20
BLACK 57 48
WHITE 20 29
BLACK 48 40
WHITE 18 26
BLACK 49 42
WHITE 13 21
BLACK 58 49
WHITE 26 34
BLACK 41 34
WHITE 29 37
BLACK 49 41
WHITE 21 29
BLACK 50 43
WHITE 15 23
BLACK 59 50
WHITE 9 16
BLACK 51 44
WHITE 37 44
BLACK 53 44
WHITE 29 37
BLACK 44 37
WHITE 16 25
BLACK 34 25
WHITE 14 22
BLACK 60 51
WHITE 22 30
BLACK 37 30
WHITE 23 30
BLACK 61 53
WHITE 8 16
BLACK 25 16
WHITE 5 13
BLACK 51 44
WHITE 30 38
BLACK 52 45
WHITE 38 45
BLACK 54 45
WHITE 13 21
BLACK 62 54
WHITE 21 29
BLACK 53 46
WHITE 29 37
BLACK 44 37
WHITE 4 12
BLACK 54 47
WHITE 12 19
BLACK 63 54
WHITE 19 26
BLACK 40 32
WHITE 26 34
BLACK 41 34
WHITE 3 11
BLACK 50 41
WHITE 11 19
BLACK 41 33
WHITE 19 27
BLACK 34 27
WHITE 2 10
BLACK 42 34
WHITE 10 19
BLACK 43 35
WHITE 7 15
BLACK 45 36
WHITE 19 28
BLACK 35 28
WHITE 15 23
BLACK 54 45
WHITE 23 31
BLACK 45 38
WHITE 31 38
BLACK 47 38
WHITE 6 13
BLACK 55 47
WHITE 13 21
BLACK 28 21
WHITE 1 8
BLACK 46 39
WHITE 0 9
BLACK 16 9
WHITE 8 17
BLACK 9 0
GAMEOVER 
WINNER BLACK
# Game ended: Sun Mar 22 19:29:15 EDT 2009
