# Server version 0.04 running on lab2-9.CS.McGill.CA:8123
# Game ID: 104
# Board class: breakthrough.BTBoard
# Timeout: 5000
# Date: Sun Mar 22 17:05:30 EDT 2009
# Player 1: WHITE, 'neural', running on localhost
# Player 2: BLACK, 'fixed', running on localhost
START WHITE neural
START BLACK fixed
WHITE 15 22
BLACK 53 45
WHITE 22 31
BLACK 45 37
WHITE 31 38
BLACK 37 30
WHITE 38 46
BLACK 55 46
WHITE 8 16
BLACK 30 21
WHITE 14 21
BLACK 51 42
WHITE 16 24
BLACK 46 37
WHITE 24 32
BLACK 37 29
WHITE 10 19
BLACK 29 22
WHITE 13 22
BLACK 42 35
WHITE 32 40
BLACK 49 40
WHITE 21 28
BLACK 35 28
WHITE 19 28
BLACK 40 32
WHITE 28 35
BLACK 52 44
WHITE 35 44
BLACK 50 43
WHITE 5 14
BLACK 43 36
WHITE 1 10
BLACK 36 27
WHITE 44 52
BLACK 59 52
WHITE 0 8
BLACK 27 18
WHITE 9 18
BLACK 48 40
WHITE 22 31
BLACK 32 25
WHITE 18 25
BLACK 52 44
WHITE 25 34
BLACK 60 53
WHITE 34 43
BLACK 40 33
WHITE 6 13
BLACK 33 26
WHITE 43 50
BLACK 57 50
WHITE 31 38
BLACK 26 18
WHITE 11 18
BLACK 53 45
WHITE 38 45
BLACK 54 45
WHITE 18 27
BLACK 45 37
WHITE 27 36
BLACK 37 29
WHITE 4 11
BLACK 29 21
WHITE 14 21
BLACK 44 35
WHITE 36 43
BLACK 50 43
WHITE 21 30
BLACK 35 26
WHITE 30 37
BLACK 26 18
WHITE 11 18
BLACK 43 34
WHITE 37 46
BLACK 34 26
WHITE 46 55
BLACK 62 55
WHITE 18 25
BLACK 26 17
WHITE 8 17
BLACK 61 53
WHITE 25 34
BLACK 53 44
WHITE 34 42
BLACK 55 46
WHITE 2 9
BLACK 44 36
WHITE 3 11
BLACK 58 49
WHITE 42 49
BLACK 56 49
WHITE 17 24
BLACK 46 38
WHITE 24 32
BLACK 36 28
WHITE 32 40
BLACK 49 40
WHITE 12 20
BLACK 28 19
WHITE 10 19
BLACK 38 30
WHITE 19 28
BLACK 30 21
WHITE 28 36
BLACK 63 54
WHITE 36 44
BLACK 21 14
WHITE 7 14
BLACK 40 33
WHITE 44 53
BLACK 54 46
WHITE 53 62
GAMEOVER 
WINNER WHITE
# Game ended: Sun Mar 22 17:05:32 EDT 2009
