# Server version 0.04 running on socs-1.CS.McGill.CA:8123
# Game ID: 13
# Board class: breakthrough.BTBoard
# Timeout: 5000
# Date: Tue Jan 27 04:27:25 GMT 2009
# Player 1: WHITE, 'Saqib', running on localhost
# Player 2: BLACK, 'dummy', running on localhost
START WHITE Saqib
START BLACK dummy
WHITE 11 20
BLACK 49 41
WHITE 14 22
BLACK 55 47
WHITE 12 21
BLACK 56 49
WHITE 7 14
BLACK 53 46
WHITE 4 12
BLACK 61 53
WHITE 22 31
BLACK 50 42
WHITE 20 27
BLACK 42 34
WHITE 31 38
BLACK 52 45
WHITE 3 11
BLACK 51 44
WHITE 9 17
BLACK 44 35
WHITE 8 16
BLACK 53 44
WHITE 21 30
BLACK 49 40
WHITE 16 24
BLACK 60 52
WHITE 30 37
BLACK 63 55
WHITE 24 33
BLACK 62 53
WHITE 38 47
BLACK 58 51
WHITE 12 20
BLACK 57 50
WHITE 27 36
BLACK 34 27
WHITE 20 28
BLACK 44 37
WHITE 10 18
BLACK 35 28
WHITE 11 19
BLACK 50 42
WHITE 0 8
BLACK 51 43
WHITE 18 25
BLACK 42 34
WHITE 36 45
BLACK 52 44
WHITE 15 22
BLACK 54 47
WHITE 2 9
BLACK 59 52
WHITE 22 29
BLACK 46 38
WHITE 45 52
BLACK 34 26
WHITE 13 22
BLACK 55 46
WHITE 22 31
BLACK 38 31
WHITE 6 15
BLACK 27 20
WHITE 17 26
BLACK 43 35
WHITE 33 40
BLACK 47 39
WHITE 9 18
BLACK 28 19
WHITE 8 16
BLACK 37 28
WHITE 16 24
BLACK 19 10
WHITE 29 38
BLACK 31 23
WHITE 14 22
BLACK 10 2
GAMEOVER 
WINNER BLACK
# Game ended: Tue Jan 27 04:27:27 GMT 2009
