# Server version 0.04 running on lab2-9.CS.McGill.CA:8123
# Game ID: 110
# Board class: breakthrough.BTBoard
# Timeout: 5000
# Date: Sun Mar 22 17:07:31 EDT 2009
# Player 1: WHITE, 'neural', running on localhost
# Player 2: BLACK, 'fixed', running on localhost
START WHITE neural
START BLACK fixed
WHITE 11 19
BLACK 52 44
WHITE 19 28
BLACK 51 43
WHITE 28 36
BLACK 43 36
WHITE 15 22
BLACK 44 35
WHITE 22 31
BLACK 36 28
WHITE 3 11
BLACK 35 27
WHITE 31 38
BLACK 28 20
WHITE 13 20
BLACK 27 20
WHITE 11 20
BLACK 49 41
WHITE 2 11
BLACK 41 33
WHITE 38 45
BLACK 33 26
WHITE 45 54
BLACK 61 54
WHITE 20 27
BLACK 26 19
WHITE 10 19
BLACK 53 45
WHITE 27 36
BLACK 45 36
WHITE 19 27
BLACK 36 27
WHITE 12 21
BLACK 50 42
WHITE 21 30
BLACK 27 20
WHITE 11 20
BLACK 42 35
WHITE 30 39
BLACK 55 47
WHITE 39 46
BLACK 35 27
WHITE 20 27
BLACK 54 45
WHITE 5 12
BLACK 48 40
WHITE 1 10
BLACK 45 37
WHITE 6 15
BLACK 37 29
WHITE 46 53
BLACK 60 53
WHITE 27 34
BLACK 29 21
WHITE 12 21
BLACK 47 39
WHITE 34 43
BLACK 39 31
WHITE 43 52
BLACK 59 52
WHITE 21 28
BLACK 31 22
WHITE 15 22
BLACK 40 33
WHITE 28 37
BLACK 52 43
WHITE 37 46
BLACK 53 46
WHITE 22 31
BLACK 33 25
WHITE 31 38
BLACK 43 35
WHITE 4 13
BLACK 46 39
WHITE 7 15
BLACK 25 16
WHITE 9 16
BLACK 35 26
WHITE 38 46
BLACK 26 17
WHITE 10 17
BLACK 57 49
WHITE 0 9
BLACK 39 30
WHITE 46 55
BLACK 62 55
WHITE 17 25
BLACK 30 22
WHITE 13 22
BLACK 49 41
WHITE 25 34
BLACK 41 34
WHITE 22 29
BLACK 34 27
WHITE 29 37
BLACK 63 54
WHITE 37 45
BLACK 27 19
WHITE 45 54
BLACK 19 11
WHITE 54 63
GAMEOVER 
WINNER WHITE
# Game ended: Sun Mar 22 17:07:33 EDT 2009
