# Server version 0.04 running on socs-1.CS.McGill.CA:8123
# Game ID: 37
# Board class: breakthrough.BTBoard
# Timeout: 5000
# Date: Tue Jan 27 10:06:29 GMT 2009
# Player 1: WHITE, 'dummy', running on localhost
# Player 2: BLACK, 'Saqib', running on localhost
START WHITE dummy
START BLACK Saqib
WHITE 13 20
BLACK 53 46
WHITE 8 16
BLACK 49 41
WHITE 9 18
BLACK 50 42
WHITE 18 26
BLACK 55 47
WHITE 26 35
BLACK 47 39
WHITE 10 18
BLACK 42 34
WHITE 0 8
BLACK 39 30
WHITE 12 19
BLACK 58 50
WHITE 8 17
BLACK 62 53
WHITE 1 10
BLACK 53 45
WHITE 5 13
BLACK 45 38
WHITE 19 28
BLACK 38 29
WHITE 13 22
BLACK 29 22
WHITE 20 27
BLACK 51 43
WHITE 17 24
BLACK 61 53
WHITE 15 23
BLACK 22 13
WHITE 35 42
BLACK 60 51
WHITE 27 35
BLACK 52 45
WHITE 2 9
BLACK 13 6
GAMEOVER 
WINNER BLACK
# Game ended: Tue Jan 27 10:06:30 GMT 2009
