# Server version 0.04 running on socs-1.CS.McGill.CA:8123
# Game ID: 25
# Board class: breakthrough.BTBoard
# Timeout: 5000
# Date: Tue Jan 27 08:36:30 GMT 2009
# Player 1: WHITE, 'Saqib', running on localhost
# Player 2: BLACK, 'dummy', running on localhost
START WHITE Saqib
START BLACK dummy
WHITE 15 23
BLACK 48 41
WHITE 8 17
BLACK 51 42
WHITE 13 20
BLACK 59 51
WHITE 17 24
BLACK 41 33
WHITE 11 18
BLACK 53 46
WHITE 6 15
BLACK 49 40
WHITE 14 21
BLACK 55 47
WHITE 23 30
BLACK 52 43
WHITE 10 19
BLACK 56 49
WHITE 1 10
BLACK 43 36
WHITE 5 14
BLACK 54 45
WHITE 30 37
BLACK 33 24
WHITE 19 28
BLACK 47 39
WHITE 18 25
BLACK 40 32
WHITE 37 46
BLACK 36 27
WHITE 9 17
BLACK 42 34
WHITE 46 54
BLACK 45 36
WHITE 0 8
BLACK 27 20
WHITE 21 29
BLACK 34 25
WHITE 29 37
BLACK 39 31
WHITE 2 9
BLACK 31 22
WHITE 54 61
GAMEOVER 
WINNER WHITE
# Game ended: Tue Jan 27 08:36:31 GMT 2009
