# Server version 0.04 running on lab2-9.CS.McGill.CA:8123
# Game ID: 93
# Board class: breakthrough.BTBoard
# Timeout: 5000
# Date: Sun Mar 22 16:58:28 EDT 2009
# Player 1: WHITE, 'neural', running on localhost
# Player 2: BLACK, 'fixed', running on localhost
START WHITE neural
START BLACK fixed
WHITE 13 20
BLACK 52 45
WHITE 20 27
BLACK 51 43
WHITE 11 19
BLACK 53 46
WHITE 10 17
BLACK 43 35
WHITE 27 36
BLACK 45 36
WHITE 19 28
BLACK 35 28
WHITE 17 24
BLACK 28 20
WHITE 24 32
BLACK 20 11
WHITE 4 11
BLACK 36 28
WHITE 32 41
BLACK 50 41
WHITE 8 16
BLACK 28 20
WHITE 11 20
BLACK 54 47
WHITE 20 27
BLACK 46 38
WHITE 27 36
BLACK 38 30
WHITE 36 45
BLACK 41 33
WHITE 2 10
BLACK 47 39
WHITE 10 17
BLACK 33 26
WHITE 17 26
BLACK 30 22
WHITE 15 22
BLACK 55 46
WHITE 45 52
BLACK 59 52
WHITE 26 35
BLACK 49 42
WHITE 35 42
BLACK 39 30
WHITE 9 18
BLACK 46 38
WHITE 22 29
BLACK 38 29
WHITE 16 25
BLACK 29 21
WHITE 14 21
BLACK 30 21
WHITE 12 21
BLACK 52 45
WHITE 42 51
BLACK 60 51
WHITE 7 14
BLACK 45 36
WHITE 25 33
BLACK 48 40
WHITE 33 40
BLACK 36 28
WHITE 21 28
BLACK 51 42
WHITE 40 48
BLACK 58 49
WHITE 48 57
GAMEOVER 
WINNER WHITE
# Game ended: Sun Mar 22 16:58:29 EDT 2009
