# Server version 0.04 running on lab2-9.CS.McGill.CA:8123
# Game ID: 72
# Board class: breakthrough.BTBoard
# Timeout: 5000
# Date: Sun Mar 22 16:25:30 EDT 2009
# Player 1: WHITE, 'neural', running on localhost
# Player 2: BLACK, 'fixed', running on localhost
START WHITE neural
START BLACK fixed
WHITE 13 22
BLACK 52 44
WHITE 22 31
BLACK 51 43
WHITE 11 18
BLACK 44 37
WHITE 31 39
BLACK 37 30
WHITE 39 46
BLACK 53 46
WHITE 18 27
BLACK 43 35
WHITE 4 11
BLACK 30 22
WHITE 15 22
BLACK 35 28
WHITE 27 34
BLACK 28 21
WHITE 14 21
BLACK 50 43
WHITE 34 43
BLACK 54 47
WHITE 6 15
BLACK 47 39
WHITE 10 19
BLACK 39 31
WHITE 22 31
BLACK 46 38
WHITE 31 38
BLACK 49 42
WHITE 2 10
BLACK 42 35
WHITE 9 17
BLACK 35 27
WHITE 5 14
BLACK 55 47
WHITE 38 47
BLACK 48 40
WHITE 0 9
BLACK 40 32
WHITE 15 22
BLACK 59 51
WHITE 11 20
BLACK 27 20
WHITE 8 16
BLACK 51 44
WHITE 3 11
BLACK 20 11
WHITE 7 15
BLACK 11 3
GAMEOVER 
WINNER BLACK
# Game ended: Sun Mar 22 16:25:31 EDT 2009
