# Server version 0.04 running on lab2-9.CS.McGill.CA:8123
# Game ID: 77
# Board class: breakthrough.BTBoard
# Timeout: 5000
# Date: Sun Mar 22 16:27:07 EDT 2009
# Player 1: WHITE, 'neural', running on localhost
# Player 2: BLACK, 'fixed', running on localhost
START WHITE neural
START BLACK fixed
WHITE 14 22
BLACK 50 42
WHITE 22 29
BLACK 42 35
WHITE 29 36
BLACK 35 28
WHITE 36 44
BLACK 51 44
WHITE 12 21
BLACK 52 43
WHITE 21 28
BLACK 54 46
WHITE 11 18
BLACK 46 37
WHITE 28 37
BLACK 44 37
WHITE 18 26
BLACK 55 47
WHITE 3 11
BLACK 37 29
WHITE 13 21
BLACK 43 34
WHITE 7 14
BLACK 47 38
WHITE 26 35
BLACK 29 22
WHITE 15 22
BLACK 34 27
WHITE 9 18
BLACK 27 19
WHITE 10 19
BLACK 48 40
WHITE 6 13
BLACK 38 30
WHITE 21 30
BLACK 59 51
WHITE 0 9
BLACK 51 44
WHITE 35 44
BLACK 53 44
WHITE 4 12
BLACK 40 32
WHITE 8 17
BLACK 44 36
WHITE 2 10
BLACK 36 28
WHITE 19 28
BLACK 32 25
WHITE 18 25
BLACK 49 41
WHITE 1 8
BLACK 41 34
WHITE 25 34
BLACK 60 51
WHITE 11 20
BLACK 51 43
WHITE 34 43
BLACK 61 53
WHITE 10 18
BLACK 56 48
WHITE 8 16
BLACK 48 40
WHITE 43 50
BLACK 57 50
WHITE 12 19
BLACK 40 32
WHITE 28 36
BLACK 32 24
WHITE 17 24
BLACK 53 46
WHITE 9 17
BLACK 50 43
WHITE 36 43
BLACK 46 37
WHITE 30 37
BLACK 58 50
WHITE 43 50
BLACK 62 54
WHITE 50 57
GAMEOVER 
WINNER WHITE
# Game ended: Sun Mar 22 16:27:09 EDT 2009
