# Server version 0.04 running on lab2-9.CS.McGill.CA:8123
# Game ID: 111
# Board class: breakthrough.BTBoard
# Timeout: 5000
# Date: Sun Mar 22 17:07:49 EDT 2009
# Player 1: WHITE, 'fixed', running on localhost
# Player 2: BLACK, 'neural', running on localhost
START WHITE fixed
START BLACK neural
WHITE 12 19
BLACK 49 40
WHITE 11 20
BLACK 40 33
WHITE 20 27
BLACK 33 26
WHITE 19 26
BLACK 54 47
WHITE 27 35
BLACK 47 39
WHITE 26 34
BLACK 39 30
WHITE 35 43
BLACK 50 43
WHITE 13 20
BLACK 43 34
WHITE 14 22
BLACK 57 49
WHITE 20 28
BLACK 30 23
WHITE 28 36
BLACK 48 41
WHITE 36 45
BLACK 52 45
WHITE 10 19
BLACK 58 50
WHITE 19 27
BLACK 34 27
WHITE 2 11
BLACK 63 54
WHITE 11 18
BLACK 27 18
WHITE 9 18
BLACK 56 48
WHITE 18 25
BLACK 59 52
WHITE 25 33
BLACK 49 40
WHITE 33 40
BLACK 50 43
WHITE 40 49
BLACK 54 46
WHITE 8 16
BLACK 62 54
WHITE 16 24
BLACK 51 42
WHITE 22 31
BLACK 23 14
WHITE 5 14
BLACK 46 37
WHITE 49 57
GAMEOVER 
WINNER WHITE
# Game ended: Sun Mar 22 17:07:50 EDT 2009
