# Server version 0.04 running on lab2-9.CS.McGill.CA:8123
# Game ID: 99
# Board class: breakthrough.BTBoard
# Timeout: 5000
# Date: Sun Mar 22 16:59:53 EDT 2009
# Player 1: WHITE, 'neural', running on localhost
# Player 2: BLACK, 'fixed', running on localhost
START WHITE neural
START BLACK fixed
WHITE 9 17
BLACK 53 44
WHITE 17 25
BLACK 52 45
WHITE 12 20
BLACK 44 35
WHITE 25 33
BLACK 51 43
WHITE 14 21
BLACK 45 36
WHITE 21 28
BLACK 35 28
WHITE 33 42
BLACK 49 42
WHITE 20 27
BLACK 36 27
WHITE 13 22
BLACK 27 19
WHITE 10 19
BLACK 28 19
WHITE 22 30
BLACK 19 10
WHITE 1 10
BLACK 43 35
WHITE 30 39
BLACK 35 27
WHITE 39 46
BLACK 55 46
WHITE 15 23
BLACK 27 20
WHITE 11 20
BLACK 42 34
WHITE 23 30
BLACK 46 37
WHITE 30 37
BLACK 34 25
WHITE 37 45
BLACK 54 45
WHITE 20 28
BLACK 45 36
WHITE 28 37
BLACK 25 18
WHITE 37 44
BLACK 18 9
WHITE 2 9
BLACK 36 28
WHITE 10 19
BLACK 28 19
WHITE 44 53
BLACK 62 53
WHITE 8 16
BLACK 19 11
WHITE 4 11
BLACK 53 44
WHITE 16 24
BLACK 48 40
WHITE 6 15
BLACK 44 36
WHITE 24 33
BLACK 40 33
WHITE 9 16
BLACK 36 28
WHITE 16 24
BLACK 33 24
WHITE 11 19
BLACK 28 19
WHITE 15 23
BLACK 24 16
WHITE 23 31
BLACK 19 11
WHITE 31 39
BLACK 50 42
WHITE 39 46
BLACK 11 2
GAMEOVER 
WINNER BLACK
# Game ended: Sun Mar 22 16:59:54 EDT 2009
