# Server version 0.04 running on lab2-9.CS.McGill.CA:8123
# Game ID: 103
# Board class: breakthrough.BTBoard
# Timeout: 5000
# Date: Sun Mar 22 17:05:17 EDT 2009
# Player 1: WHITE, 'fixed', running on localhost
# Player 2: BLACK, 'neural', running on localhost
START WHITE fixed
START BLACK neural
WHITE 12 20
BLACK 54 47
WHITE 10 18
BLACK 47 38
WHITE 11 19
BLACK 38 29
WHITE 20 29
BLACK 55 46
WHITE 29 37
BLACK 46 37
WHITE 19 27
BLACK 37 30
WHITE 18 26
BLACK 30 22
WHITE 13 22
BLACK 52 43
WHITE 27 35
BLACK 43 36
WHITE 35 44
BLACK 51 44
WHITE 26 33
BLACK 36 28
WHITE 33 41
BLACK 50 41
WHITE 22 30
BLACK 28 20
WHITE 14 22
BLACK 60 52
WHITE 30 39
BLACK 58 51
WHITE 9 17
BLACK 62 55
WHITE 39 46
BLACK 53 46
WHITE 17 24
BLACK 61 53
WHITE 24 32
BLACK 41 32
WHITE 8 17
BLACK 63 54
WHITE 22 31
BLACK 59 50
WHITE 17 26
BLACK 53 45
WHITE 26 34
BLACK 20 12
WHITE 3 12
BLACK 32 24
WHITE 34 43
BLACK 52 43
WHITE 15 23
BLACK 24 17
WHITE 12 21
BLACK 17 9
WHITE 2 9
BLACK 46 39
WHITE 9 17
BLACK 39 30
WHITE 21 30
BLACK 44 36
WHITE 30 38
BLACK 45 38
WHITE 31 38
BLACK 36 29
WHITE 38 46
BLACK 55 46
WHITE 4 13
BLACK 29 21
WHITE 23 30
BLACK 50 42
WHITE 30 37
BLACK 46 37
WHITE 17 25
BLACK 57 50
WHITE 25 33
BLACK 42 33
WHITE 5 14
BLACK 21 14
WHITE 7 14
BLACK 33 25
WHITE 13 21
BLACK 25 18
WHITE 21 29
BLACK 18 9
WHITE 0 9
BLACK 37 30
WHITE 14 23
BLACK 30 23
WHITE 29 36
BLACK 43 36
WHITE 6 13
BLACK 23 14
WHITE 13 21
BLACK 14 5
GAMEOVER 
WINNER BLACK
# Game ended: Sun Mar 22 17:05:19 EDT 2009
